0 info it worked if it ends with ok
1 verbose cli [ '/usr/local/bin/iojs', '/usr/local/bin/npm', 'run', 'build' ]
2 info using npm@2.14.3
3 info using node@v3.3.1
4 verbose run-script [ 'prebuild', 'build', 'postbuild' ]
5 info prebuild snake_game@1.0.0
6 info build snake_game@1.0.0
7 verbose unsafe-perm in lifecycle true
8 info snake_game@1.0.0 Failed to exec build script
9 verbose stack Error: snake_game@1.0.0 build: `electron-packager ./ snake_game --platform=darwin --arch=ia32 --version=0.30.0`
9 verbose stack Exit status 1
9 verbose stack     at EventEmitter.<anonymous> (/usr/local/lib/node_modules/npm/lib/utils/lifecycle.js:214:16)
9 verbose stack     at emitTwo (events.js:87:13)
9 verbose stack     at EventEmitter.emit (events.js:172:7)
9 verbose stack     at ChildProcess.<anonymous> (/usr/local/lib/node_modules/npm/lib/utils/spawn.js:24:14)
9 verbose stack     at emitTwo (events.js:87:13)
9 verbose stack     at ChildProcess.emit (events.js:172:7)
9 verbose stack     at maybeClose (internal/child_process.js:764:16)
9 verbose stack     at Process.ChildProcess._handle.onexit (internal/child_process.js:211:5)
10 verbose pkgid snake_game@1.0.0
11 verbose cwd /Users/sanjay/Desktop/snake_game
12 error Darwin 16.6.0
13 error argv "/usr/local/bin/iojs" "/usr/local/bin/npm" "run" "build"
14 error node v3.3.1
15 error npm  v2.14.3
16 error code ELIFECYCLE
17 error snake_game@1.0.0 build: `electron-packager ./ snake_game --platform=darwin --arch=ia32 --version=0.30.0`
17 error Exit status 1
18 error Failed at the snake_game@1.0.0 build script 'electron-packager ./ snake_game --platform=darwin --arch=ia32 --version=0.30.0'.
18 error This is most likely a problem with the snake_game package,
18 error not with npm itself.
18 error Tell the author that this fails on your system:
18 error     electron-packager ./ snake_game --platform=darwin --arch=ia32 --version=0.30.0
18 error You can get their info via:
18 error     npm owner ls snake_game
18 error There is likely additional logging output above.
19 verbose exit [ 1, true ]
